"2025-03-28 22:02:50,691 INFO  [restartedMain] com.Cinetime.CineTimeApplication:Starting CineTimeApplication using Java 22.0.1 with PID 71527 (/Users/dogu/IdeaProjects/cinetime-api-selfmade/target/classes started by dogu in /Users/dogu/IdeaProjects/cinetime-api-selfmade)
""2025-03-28 22:02:50,697 INFO  [restartedMain] com.Cinetime.CineTimeApplication:No active profile set, falling back to 1 default profile: "default"
""2025-03-28 22:02:50,724 INFO  [restartedMain] org.springframework.boot.devtools.env.DevToolsPropertyDefaultsPostProcessor:Devtools property defaults active! Set 'spring.devtools.add-properties' to 'false' to disable
""2025-03-28 22:02:50,724 INFO  [restartedMain] org.springframework.boot.devtools.env.DevToolsPropertyDefaultsPostProcessor:For additional web related logging consider setting the 'logging.level.web' property to 'DEBUG'
""2025-03-28 22:02:51,120 INFO  [restartedMain] org.springframework.data.repository.config.RepositoryConfigurationDelegate:Bootstrapping Spring Data JPA repositories in DEFAULT mode.
""2025-03-28 22:02:51,149 INFO  [restartedMain] org.springframework.data.repository.config.RepositoryConfigurationDelegate:Finished Spring Data repository scanning in 25 ms. Found 6 JPA repository interfaces.
""2025-03-28 22:02:51,427 INFO  [restartedMain] org.springframework.boot.web.embedded.tomcat.TomcatWebServer:Tomcat initialized with port 8080 (http)
""2025-03-28 22:02:51,433 INFO  [restartedMain] org.apache.catalina.core.StandardService:Starting service [Tomcat]
""2025-03-28 22:02:51,433 INFO  [restartedMain] org.apache.catalina.core.StandardEngine:Starting Servlet engine: [Apache Tomcat/10.1.20]
""2025-03-28 22:02:51,452 INFO  [restartedMain] org.apache.catalina.core.ContainerBase.[Tomcat].[localhost].[/]:Initializing Spring embedded WebApplicationContext
""2025-03-28 22:02:51,452 INFO  [restartedMain] org.springframework.boot.web.servlet.context.ServletWebServerApplicationContext:Root WebApplicationContext: initialization completed in 728 ms
""2025-03-28 22:02:51,473 INFO  [restartedMain] com.zaxxer.hikari.HikariDataSource:HikariPool-1 - Starting...
""2025-03-28 22:02:51,586 INFO  [restartedMain] com.zaxxer.hikari.pool.HikariPool:HikariPool-1 - Added connection org.postgresql.jdbc.PgConnection@75942f29
""2025-03-28 22:02:51,587 INFO  [restartedMain] com.zaxxer.hikari.HikariDataSource:HikariPool-1 - Start completed.
""2025-03-28 22:02:51,592 INFO  [restartedMain] org.springframework.boot.autoconfigure.h2.H2ConsoleAutoConfiguration:H2 console available at '/h2-console'. Database available at 'jdbc:postgresql://localhost:5432/cinetime-api'
""2025-03-28 22:02:51,642 INFO  [restartedMain] org.hibernate.jpa.internal.util.LogHelper:HHH000204: Processing PersistenceUnitInfo [name: default]
""2025-03-28 22:02:51,673 INFO  [restartedMain] org.hibernate.Version:HHH000412: Hibernate ORM core version 6.4.4.Final
""2025-03-28 22:02:51,690 INFO  [restartedMain] org.hibernate.cache.internal.RegionFactoryInitiator:HHH000026: Second-level cache disabled
""2025-03-28 22:02:51,763 WARN  [restartedMain] org.hibernate.orm.deprecation:HHH90000025: PostgreSQLDialect does not need to be specified explicitly using 'hibernate.dialect' (remove the property setting and it will be selected by default)
""2025-03-28 22:02:51,838 INFO  [restartedMain] org.springframework.orm.jpa.persistenceunit.SpringPersistenceUnitInfo:No LoadTimeWeaver setup: ignoring JPA class transformer
""2025-03-28 22:02:52,350 INFO  [restartedMain] org.hibernate.engine.transaction.jta.platform.internal.JtaPlatformInitiator:HHH000489: No JTA platform available (set 'hibernate.transaction.jta.platform' to enable JTA platform integration)
""2025-03-28 22:02:52,551 INFO  [restartedMain] org.springframework.orm.jpa.LocalContainerEntityManagerFactoryBean:Initialized JPA EntityManagerFactory for persistence unit 'default'
""2025-03-28 22:02:52,882 WARN  [restartedMain] org.springframework.boot.autoconfigure.orm.jpa.JpaBaseConfiguration$JpaWebConfiguration:spring.jpa.open-in-view is enabled by default. Therefore, database queries may be performed during view rendering. Explicitly configure spring.jpa.open-in-view to disable this warning
""2025-03-28 22:02:53,036 INFO  [restartedMain] org.springframework.security.web.DefaultSecurityFilterChain:Will secure any request with [org.springframework.security.web.session.DisableEncodeUrlFilter@fbd289e, org.springframework.security.web.context.request.async.WebAsyncManagerIntegrationFilter@1f196683, org.springframework.security.web.context.SecurityContextHolderFilter@55adce5b, org.springframework.security.web.header.HeaderWriterFilter@712b2400, org.springframework.web.filter.CorsFilter@5e2ef238, org.springframework.security.web.authentication.logout.LogoutFilter@1cf87636, com.Cinetime.security.JwtAuthFilter@4672f630, org.springframework.security.web.savedrequest.RequestCacheAwareFilter@3c5aeb6, org.springframework.security.web.servletapi.SecurityContextHolderAwareRequestFilter@341b0c28, org.springframework.security.web.authentication.AnonymousAuthenticationFilter@15e27448, org.springframework.security.web.session.SessionManagementFilter@5147af42, org.springframework.security.web.access.ExceptionTranslationFilter@fa668c7, org.springframework.security.web.access.intercept.AuthorizationFilter@53286381]
""2025-03-28 22:02:53,150 INFO  [restartedMain] org.springframework.boot.devtools.autoconfigure.OptionalLiveReloadServer:LiveReload server is running on port 35729
""2025-03-28 22:02:53,168 INFO  [restartedMain] org.springframework.boot.web.embedded.tomcat.TomcatWebServer:Tomcat started on port 8080 (http) with context path ''
""2025-03-28 22:02:53,175 INFO  [restartedMain] com.Cinetime.CineTimeApplication:Started CineTimeApplication in 2.712 seconds (process running for 2.987)
""2025-03-28 22:04:36,618 INFO  [http-nio-8080-exec-1] org.apache.catalina.core.ContainerBase.[Tomcat].[localhost].[/]:Initializing Spring DispatcherServlet 'dispatcherServlet'
""2025-03-28 22:04:36,638 DEBUG [http-nio-8080-exec-1] org.springframework.security.web.FilterChainProxy:Securing POST /api/register
""2025-03-28 22:04:36,644 DEBUG [http-nio-8080-exec-1] org.springframework.security.web.authentication.AnonymousAuthenticationFilter:Set SecurityContextHolder to anonymous SecurityContext
""2025-03-28 22:04:36,645 DEBUG [http-nio-8080-exec-1] org.springframework.security.web.FilterChainProxy:Secured POST /api/register
""2025-03-28 22:04:43,351 DEBUG [http-nio-8080-exec-3] org.springframework.security.web.FilterChainProxy:Securing POST /api/register
""2025-03-28 22:04:43,352 DEBUG [http-nio-8080-exec-3] org.springframework.security.web.authentication.AnonymousAuthenticationFilter:Set SecurityContextHolder to anonymous SecurityContext
""2025-03-28 22:04:43,353 DEBUG [http-nio-8080-exec-3] org.springframework.security.web.FilterChainProxy:Secured POST /api/register
""2025-03-28 22:05:50,861 DEBUG [http-nio-8080-exec-6] org.springframework.security.web.FilterChainProxy:Securing POST /api/forgot-password
""2025-03-28 22:05:50,863 DEBUG [http-nio-8080-exec-6] org.springframework.security.web.authentication.AnonymousAuthenticationFilter:Set SecurityContextHolder to anonymous SecurityContext
""2025-03-28 22:05:50,864 DEBUG [http-nio-8080-exec-6] org.springframework.security.web.FilterChainProxy:Secured POST /api/forgot-password
""2025-03-28 22:05:50,881 DEBUG [http-nio-8080-exec-6] org.springframework.security.authorization.method.AuthorizationManagerBeforeMethodInterceptor:Authorizing method invocation ReflectiveMethodInvocation: public com.Cinetime.payload.response.ResponseMessage com.Cinetime.controller.UserController.generateResetPasswordCode(com.Cinetime.payload.dto.ResetPasswordRequest); target is of class [com.Cinetime.controller.UserController]
""2025-03-28 22:05:50,896 DEBUG [http-nio-8080-exec-6] org.springframework.security.authorization.method.AuthorizationManagerBeforeMethodInterceptor:Authorized method invocation ReflectiveMethodInvocation: public com.Cinetime.payload.response.ResponseMessage com.Cinetime.controller.UserController.generateResetPasswordCode(com.Cinetime.payload.dto.ResetPasswordRequest); target is of class [com.Cinetime.controller.UserController]
""2025-03-28 22:09:58,575 INFO  [SpringApplicationShutdownHook] org.springframework.orm.jpa.LocalContainerEntityManagerFactoryBean:Closing JPA EntityManagerFactory for persistence unit 'default'
""2025-03-28 22:09:58,582 INFO  [SpringApplicationShutdownHook] com.zaxxer.hikari.HikariDataSource:HikariPool-1 - Shutdown initiated...
""2025-03-28 22:09:58,585 INFO  [SpringApplicationShutdownHook] com.zaxxer.hikari.HikariDataSource:HikariPool-1 - Shutdown completed.
""2025-03-28 22:10:00,571 INFO  [restartedMain] com.Cinetime.CineTimeApplication:Starting CineTimeApplication using Java 22.0.1 with PID 72309 (/Users/dogu/IdeaProjects/cinetime-api-selfmade/target/classes started by dogu in /Users/dogu/IdeaProjects/cinetime-api-selfmade)
""2025-03-28 22:10:00,572 INFO  [restartedMain] com.Cinetime.CineTimeApplication:No active profile set, falling back to 1 default profile: "default"
""2025-03-28 22:10:00,597 INFO  [restartedMain] org.springframework.boot.devtools.env.DevToolsPropertyDefaultsPostProcessor:Devtools property defaults active! Set 'spring.devtools.add-properties' to 'false' to disable
""2025-03-28 22:10:00,597 INFO  [restartedMain] org.springframework.boot.devtools.env.DevToolsPropertyDefaultsPostProcessor:For additional web related logging consider setting the 'logging.level.web' property to 'DEBUG'
""2025-03-28 22:10:00,972 INFO  [restartedMain] org.springframework.data.repository.config.RepositoryConfigurationDelegate:Bootstrapping Spring Data JPA repositories in DEFAULT mode.
""2025-03-28 22:10:01,002 INFO  [restartedMain] org.springframework.data.repository.config.RepositoryConfigurationDelegate:Finished Spring Data repository scanning in 26 ms. Found 6 JPA repository interfaces.
""2025-03-28 22:10:01,284 INFO  [restartedMain] org.springframework.boot.web.embedded.tomcat.TomcatWebServer:Tomcat initialized with port 8080 (http)
""2025-03-28 22:10:01,290 INFO  [restartedMain] org.apache.catalina.core.StandardService:Starting service [Tomcat]
""2025-03-28 22:10:01,290 INFO  [restartedMain] org.apache.catalina.core.StandardEngine:Starting Servlet engine: [Apache Tomcat/10.1.20]
""2025-03-28 22:10:01,308 INFO  [restartedMain] org.apache.catalina.core.ContainerBase.[Tomcat].[localhost].[/]:Initializing Spring embedded WebApplicationContext
""2025-03-28 22:10:01,309 INFO  [restartedMain] org.springframework.boot.web.servlet.context.ServletWebServerApplicationContext:Root WebApplicationContext: initialization completed in 711 ms
""2025-03-28 22:10:01,327 INFO  [restartedMain] com.zaxxer.hikari.HikariDataSource:HikariPool-1 - Starting...
""2025-03-28 22:10:01,426 INFO  [restartedMain] com.zaxxer.hikari.pool.HikariPool:HikariPool-1 - Added connection org.postgresql.jdbc.PgConnection@2299a7f3
""2025-03-28 22:10:01,427 INFO  [restartedMain] com.zaxxer.hikari.HikariDataSource:HikariPool-1 - Start completed.
""2025-03-28 22:10:01,432 INFO  [restartedMain] org.springframework.boot.autoconfigure.h2.H2ConsoleAutoConfiguration:H2 console available at '/h2-console'. Database available at 'jdbc:postgresql://localhost:5432/cinetime-api'
""2025-03-28 22:10:01,480 INFO  [restartedMain] org.hibernate.jpa.internal.util.LogHelper:HHH000204: Processing PersistenceUnitInfo [name: default]
""2025-03-28 22:10:01,509 INFO  [restartedMain] org.hibernate.Version:HHH000412: Hibernate ORM core version 6.4.4.Final
""2025-03-28 22:10:01,525 INFO  [restartedMain] org.hibernate.cache.internal.RegionFactoryInitiator:HHH000026: Second-level cache disabled
""2025-03-28 22:10:01,582 WARN  [restartedMain] org.hibernate.orm.deprecation:HHH90000025: PostgreSQLDialect does not need to be specified explicitly using 'hibernate.dialect' (remove the property setting and it will be selected by default)
""2025-03-28 22:10:01,656 INFO  [restartedMain] org.springframework.orm.jpa.persistenceunit.SpringPersistenceUnitInfo:No LoadTimeWeaver setup: ignoring JPA class transformer
""2025-03-28 22:10:02,167 INFO  [restartedMain] org.hibernate.engine.transaction.jta.platform.internal.JtaPlatformInitiator:HHH000489: No JTA platform available (set 'hibernate.transaction.jta.platform' to enable JTA platform integration)
""2025-03-28 22:10:02,339 INFO  [restartedMain] org.springframework.orm.jpa.LocalContainerEntityManagerFactoryBean:Initialized JPA EntityManagerFactory for persistence unit 'default'
""2025-03-28 22:10:02,661 WARN  [restartedMain] org.springframework.boot.autoconfigure.orm.jpa.JpaBaseConfiguration$JpaWebConfiguration:spring.jpa.open-in-view is enabled by default. Therefore, database queries may be performed during view rendering. Explicitly configure spring.jpa.open-in-view to disable this warning
""2025-03-28 22:10:02,785 INFO  [restartedMain] org.springframework.security.web.DefaultSecurityFilterChain:Will secure any request with [org.springframework.security.web.session.DisableEncodeUrlFilter@362027de, org.springframework.security.web.context.request.async.WebAsyncManagerIntegrationFilter@5fab808d, org.springframework.security.web.context.SecurityContextHolderFilter@5cbb1009, org.springframework.security.web.header.HeaderWriterFilter@6c1141ed, org.springframework.web.filter.CorsFilter@1dcc4b9, org.springframework.security.web.authentication.logout.LogoutFilter@785978b0, com.Cinetime.security.JwtAuthFilter@4fcea316, org.springframework.security.web.savedrequest.RequestCacheAwareFilter@1a1e40b3, org.springframework.security.web.servletapi.SecurityContextHolderAwareRequestFilter@3ae41459, org.springframework.security.web.authentication.AnonymousAuthenticationFilter@6ed4cc95, org.springframework.security.web.session.SessionManagementFilter@2d11c43e, org.springframework.security.web.access.ExceptionTranslationFilter@3563c664, org.springframework.security.web.access.intercept.AuthorizationFilter@efce3d4]
""2025-03-28 22:10:02,903 INFO  [restartedMain] org.springframework.boot.devtools.autoconfigure.OptionalLiveReloadServer:LiveReload server is running on port 35729
""2025-03-28 22:10:02,918 INFO  [restartedMain] org.springframework.boot.web.embedded.tomcat.TomcatWebServer:Tomcat started on port 8080 (http) with context path ''
""2025-03-28 22:10:02,924 INFO  [restartedMain] com.Cinetime.CineTimeApplication:Started CineTimeApplication in 2.587 seconds (process running for 2.853)
""2025-03-28 22:10:05,861 INFO  [http-nio-8080-exec-1] org.apache.catalina.core.ContainerBase.[Tomcat].[localhost].[/]:Initializing Spring DispatcherServlet 'dispatcherServlet'
""2025-03-28 22:10:05,870 DEBUG [http-nio-8080-exec-1] org.springframework.security.web.FilterChainProxy:Securing POST /api/forgot-password
""2025-03-28 22:10:05,874 DEBUG [http-nio-8080-exec-1] org.springframework.security.web.authentication.AnonymousAuthenticationFilter:Set SecurityContextHolder to anonymous SecurityContext
""2025-03-28 22:10:05,875 DEBUG [http-nio-8080-exec-1] org.springframework.security.web.FilterChainProxy:Secured POST /api/forgot-password
""2025-03-28 22:12:51,650 INFO  [SpringApplicationShutdownHook] org.springframework.orm.jpa.LocalContainerEntityManagerFactoryBean:Closing JPA EntityManagerFactory for persistence unit 'default'
""2025-03-28 22:12:51,654 INFO  [SpringApplicationShutdownHook] com.zaxxer.hikari.HikariDataSource:HikariPool-1 - Shutdown initiated...
""2025-03-28 22:12:51,656 INFO  [SpringApplicationShutdownHook] com.zaxxer.hikari.HikariDataSource:HikariPool-1 - Shutdown completed.
""2025-03-28 22:12:53,439 INFO  [restartedMain] com.Cinetime.CineTimeApplication:Starting CineTimeApplication using Java 22.0.1 with PID 72429 (/Users/dogu/IdeaProjects/cinetime-api-selfmade/target/classes started by dogu in /Users/dogu/IdeaProjects/cinetime-api-selfmade)
""2025-03-28 22:12:53,440 INFO  [restartedMain] com.Cinetime.CineTimeApplication:No active profile set, falling back to 1 default profile: "default"
""2025-03-28 22:12:53,460 INFO  [restartedMain] org.springframework.boot.devtools.env.DevToolsPropertyDefaultsPostProcessor:Devtools property defaults active! Set 'spring.devtools.add-properties' to 'false' to disable
""2025-03-28 22:12:53,461 INFO  [restartedMain] org.springframework.boot.devtools.env.DevToolsPropertyDefaultsPostProcessor:For additional web related logging consider setting the 'logging.level.web' property to 'DEBUG'
""2025-03-28 22:12:53,800 INFO  [restartedMain] org.springframework.data.repository.config.RepositoryConfigurationDelegate:Bootstrapping Spring Data JPA repositories in DEFAULT mode.
""2025-03-28 22:12:53,829 INFO  [restartedMain] org.springframework.data.repository.config.RepositoryConfigurationDelegate:Finished Spring Data repository scanning in 25 ms. Found 6 JPA repository interfaces.
""2025-03-28 22:12:54,082 INFO  [restartedMain] org.springframework.boot.web.embedded.tomcat.TomcatWebServer:Tomcat initialized with port 8080 (http)
""2025-03-28 22:12:54,087 INFO  [restartedMain] org.apache.catalina.core.StandardService:Starting service [Tomcat]
""2025-03-28 22:12:54,087 INFO  [restartedMain] org.apache.catalina.core.StandardEngine:Starting Servlet engine: [Apache Tomcat/10.1.20]
""2025-03-28 22:12:54,104 INFO  [restartedMain] org.apache.catalina.core.ContainerBase.[Tomcat].[localhost].[/]:Initializing Spring embedded WebApplicationContext
""2025-03-28 22:12:54,104 INFO  [restartedMain] org.springframework.boot.web.servlet.context.ServletWebServerApplicationContext:Root WebApplicationContext: initialization completed in 643 ms
""2025-03-28 22:12:54,123 INFO  [restartedMain] com.zaxxer.hikari.HikariDataSource:HikariPool-1 - Starting...
""2025-03-28 22:12:54,214 INFO  [restartedMain] com.zaxxer.hikari.pool.HikariPool:HikariPool-1 - Added connection org.postgresql.jdbc.PgConnection@45bc8cb2
""2025-03-28 22:12:54,215 INFO  [restartedMain] com.zaxxer.hikari.HikariDataSource:HikariPool-1 - Start completed.
""2025-03-28 22:12:54,220 INFO  [restartedMain] org.springframework.boot.autoconfigure.h2.H2ConsoleAutoConfiguration:H2 console available at '/h2-console'. Database available at 'jdbc:postgresql://localhost:5432/cinetime-api'
""2025-03-28 22:12:54,266 INFO  [restartedMain] org.hibernate.jpa.internal.util.LogHelper:HHH000204: Processing PersistenceUnitInfo [name: default]
""2025-03-28 22:12:54,287 INFO  [restartedMain] org.hibernate.Version:HHH000412: Hibernate ORM core version 6.4.4.Final
""2025-03-28 22:12:54,299 INFO  [restartedMain] org.hibernate.cache.internal.RegionFactoryInitiator:HHH000026: Second-level cache disabled
""2025-03-28 22:12:54,349 WARN  [restartedMain] org.hibernate.orm.deprecation:HHH90000025: PostgreSQLDialect does not need to be specified explicitly using 'hibernate.dialect' (remove the property setting and it will be selected by default)
""2025-03-28 22:12:54,423 INFO  [restartedMain] org.springframework.orm.jpa.persistenceunit.SpringPersistenceUnitInfo:No LoadTimeWeaver setup: ignoring JPA class transformer
""2025-03-28 22:12:54,925 INFO  [restartedMain] org.hibernate.engine.transaction.jta.platform.internal.JtaPlatformInitiator:HHH000489: No JTA platform available (set 'hibernate.transaction.jta.platform' to enable JTA platform integration)
""2025-03-28 22:12:55,096 INFO  [restartedMain] org.springframework.orm.jpa.LocalContainerEntityManagerFactoryBean:Initialized JPA EntityManagerFactory for persistence unit 'default'
""2025-03-28 22:12:55,422 WARN  [restartedMain] org.springframework.boot.autoconfigure.orm.jpa.JpaBaseConfiguration$JpaWebConfiguration:spring.jpa.open-in-view is enabled by default. Therefore, database queries may be performed during view rendering. Explicitly configure spring.jpa.open-in-view to disable this warning
""2025-03-28 22:12:55,575 INFO  [restartedMain] org.springframework.security.web.DefaultSecurityFilterChain:Will secure any request with [org.springframework.security.web.session.DisableEncodeUrlFilter@154195c9, org.springframework.security.web.context.request.async.WebAsyncManagerIntegrationFilter@4462a870, org.springframework.security.web.context.SecurityContextHolderFilter@653aa00d, org.springframework.security.web.header.HeaderWriterFilter@2d11c43e, org.springframework.web.filter.CorsFilter@14dea997, org.springframework.security.web.authentication.logout.LogoutFilter@362027de, com.Cinetime.security.JwtAuthFilter@6d60b707, org.springframework.security.web.savedrequest.RequestCacheAwareFilter@4f138feb, org.springframework.security.web.servletapi.SecurityContextHolderAwareRequestFilter@63f5d859, org.springframework.security.web.authentication.AnonymousAuthenticationFilter@28b24fa4, org.springframework.security.web.session.SessionManagementFilter@17f7b46f, org.springframework.security.web.access.ExceptionTranslationFilter@37a4e1dd, org.springframework.security.web.access.intercept.AuthorizationFilter@1418ad5c]
""2025-03-28 22:12:55,695 INFO  [restartedMain] org.springframework.boot.devtools.autoconfigure.OptionalLiveReloadServer:LiveReload server is running on port 35729
""2025-03-28 22:12:55,711 INFO  [restartedMain] org.springframework.boot.web.embedded.tomcat.TomcatWebServer:Tomcat started on port 8080 (http) with context path ''
""2025-03-28 22:12:55,718 INFO  [restartedMain] com.Cinetime.CineTimeApplication:Started CineTimeApplication in 2.498 seconds (process running for 2.718)
""2025-03-28 22:13:02,815 INFO  [http-nio-8080-exec-2] org.apache.catalina.core.ContainerBase.[Tomcat].[localhost].[/]:Initializing Spring DispatcherServlet 'dispatcherServlet'
""2025-03-28 22:13:02,829 DEBUG [http-nio-8080-exec-2] org.springframework.security.web.FilterChainProxy:Securing POST /api/forgot-password
""2025-03-28 22:13:02,834 DEBUG [http-nio-8080-exec-2] org.springframework.security.web.authentication.AnonymousAuthenticationFilter:Set SecurityContextHolder to anonymous SecurityContext
""2025-03-28 22:13:02,835 DEBUG [http-nio-8080-exec-2] org.springframework.security.web.FilterChainProxy:Secured POST /api/forgot-password
""2025-03-28 22:13:02,895 DEBUG [http-nio-8080-exec-2] org.springframework.security.authorization.method.AuthorizationManagerBeforeMethodInterceptor:Authorizing method invocation ReflectiveMethodInvocation: public com.Cinetime.payload.response.ResponseMessage com.Cinetime.controller.UserController.generateResetPasswordCode(com.Cinetime.payload.dto.ResetPasswordRequest); target is of class [com.Cinetime.controller.UserController]
""2025-03-28 22:13:02,901 DEBUG [http-nio-8080-exec-2] org.springframework.security.authorization.method.AuthorizationManagerBeforeMethodInterceptor:Authorized method invocation ReflectiveMethodInvocation: public com.Cinetime.payload.response.ResponseMessage com.Cinetime.controller.UserController.generateResetPasswordCode(com.Cinetime.payload.dto.ResetPasswordRequest); target is of class [com.Cinetime.controller.UserController]
""2025-03-28 22:16:20,196 DEBUG [http-nio-8080-exec-5] org.springframework.security.web.FilterChainProxy:Securing POST /api/forgot-password
""2025-03-28 22:16:20,203 DEBUG [http-nio-8080-exec-5] org.springframework.security.web.authentication.AnonymousAuthenticationFilter:Set SecurityContextHolder to anonymous SecurityContext
""2025-03-28 22:16:20,203 DEBUG [http-nio-8080-exec-5] org.springframework.security.web.FilterChainProxy:Secured POST /api/forgot-password
""2025-03-28 22:16:20,208 DEBUG [http-nio-8080-exec-5] org.springframework.security.authorization.method.AuthorizationManagerBeforeMethodInterceptor:Authorizing method invocation ReflectiveMethodInvocation: public com.Cinetime.payload.response.ResponseMessage com.Cinetime.controller.UserController.generateResetPasswordCode(com.Cinetime.payload.dto.ResetPasswordRequest); target is of class [com.Cinetime.controller.UserController]
""2025-03-28 22:16:20,208 DEBUG [http-nio-8080-exec-5] org.springframework.security.authorization.method.AuthorizationManagerBeforeMethodInterceptor:Authorized method invocation ReflectiveMethodInvocation: public com.Cinetime.payload.response.ResponseMessage com.Cinetime.controller.UserController.generateResetPasswordCode(com.Cinetime.payload.dto.ResetPasswordRequest); target is of class [com.Cinetime.controller.UserController]
""2025-03-28 22:18:06,247 INFO  [SpringApplicationShutdownHook] org.springframework.orm.jpa.LocalContainerEntityManagerFactoryBean:Closing JPA EntityManagerFactory for persistence unit 'default'
""2025-03-28 22:18:06,250 INFO  [SpringApplicationShutdownHook] com.zaxxer.hikari.HikariDataSource:HikariPool-1 - Shutdown initiated...
""2025-03-28 22:18:06,251 INFO  [SpringApplicationShutdownHook] com.zaxxer.hikari.HikariDataSource:HikariPool-1 - Shutdown completed.
""2025-03-28 22:18:08,483 INFO  [restartedMain] com.Cinetime.CineTimeApplication:Starting CineTimeApplication using Java 22.0.1 with PID 72647 (/Users/dogu/IdeaProjects/cinetime-api-selfmade/target/classes started by dogu in /Users/dogu/IdeaProjects/cinetime-api-selfmade)
""2025-03-28 22:18:08,484 INFO  [restartedMain] com.Cinetime.CineTimeApplication:No active profile set, falling back to 1 default profile: "default"
""2025-03-28 22:18:08,504 INFO  [restartedMain] org.springframework.boot.devtools.env.DevToolsPropertyDefaultsPostProcessor:Devtools property defaults active! Set 'spring.devtools.add-properties' to 'false' to disable
""2025-03-28 22:18:08,504 INFO  [restartedMain] org.springframework.boot.devtools.env.DevToolsPropertyDefaultsPostProcessor:For additional web related logging consider setting the 'logging.level.web' property to 'DEBUG'
""2025-03-28 22:18:08,875 INFO  [restartedMain] org.springframework.data.repository.config.RepositoryConfigurationDelegate:Bootstrapping Spring Data JPA repositories in DEFAULT mode.
""2025-03-28 22:18:08,908 INFO  [restartedMain] org.springframework.data.repository.config.RepositoryConfigurationDelegate:Finished Spring Data repository scanning in 29 ms. Found 6 JPA repository interfaces.
""2025-03-28 22:18:09,185 INFO  [restartedMain] org.springframework.boot.web.embedded.tomcat.TomcatWebServer:Tomcat initialized with port 8080 (http)
""2025-03-28 22:18:09,191 INFO  [restartedMain] org.apache.catalina.core.StandardService:Starting service [Tomcat]
""2025-03-28 22:18:09,191 INFO  [restartedMain] org.apache.catalina.core.StandardEngine:Starting Servlet engine: [Apache Tomcat/10.1.20]
""2025-03-28 22:18:09,209 INFO  [restartedMain] org.apache.catalina.core.ContainerBase.[Tomcat].[localhost].[/]:Initializing Spring embedded WebApplicationContext
""2025-03-28 22:18:09,209 INFO  [restartedMain] org.springframework.boot.web.servlet.context.ServletWebServerApplicationContext:Root WebApplicationContext: initialization completed in 705 ms
""2025-03-28 22:18:09,225 INFO  [restartedMain] com.zaxxer.hikari.HikariDataSource:HikariPool-1 - Starting...
""2025-03-28 22:18:09,313 INFO  [restartedMain] com.zaxxer.hikari.pool.HikariPool:HikariPool-1 - Added connection org.postgresql.jdbc.PgConnection@54782a9c
""2025-03-28 22:18:09,314 INFO  [restartedMain] com.zaxxer.hikari.HikariDataSource:HikariPool-1 - Start completed.
""2025-03-28 22:18:09,320 INFO  [restartedMain] org.springframework.boot.autoconfigure.h2.H2ConsoleAutoConfiguration:H2 console available at '/h2-console'. Database available at 'jdbc:postgresql://localhost:5432/cinetime-api'
""2025-03-28 22:18:09,366 INFO  [restartedMain] org.hibernate.jpa.internal.util.LogHelper:HHH000204: Processing PersistenceUnitInfo [name: default]
""2025-03-28 22:18:09,388 INFO  [restartedMain] org.hibernate.Version:HHH000412: Hibernate ORM core version 6.4.4.Final
""2025-03-28 22:18:09,402 INFO  [restartedMain] org.hibernate.cache.internal.RegionFactoryInitiator:HHH000026: Second-level cache disabled
""2025-03-28 22:18:09,455 WARN  [restartedMain] org.hibernate.orm.deprecation:HHH90000025: PostgreSQLDialect does not need to be specified explicitly using 'hibernate.dialect' (remove the property setting and it will be selected by default)
""2025-03-28 22:18:09,534 INFO  [restartedMain] org.springframework.orm.jpa.persistenceunit.SpringPersistenceUnitInfo:No LoadTimeWeaver setup: ignoring JPA class transformer
""2025-03-28 22:18:10,050 INFO  [restartedMain] org.hibernate.engine.transaction.jta.platform.internal.JtaPlatformInitiator:HHH000489: No JTA platform available (set 'hibernate.transaction.jta.platform' to enable JTA platform integration)
""2025-03-28 22:18:10,236 INFO  [restartedMain] org.springframework.orm.jpa.LocalContainerEntityManagerFactoryBean:Initialized JPA EntityManagerFactory for persistence unit 'default'
""2025-03-28 22:18:10,568 WARN  [restartedMain] org.springframework.boot.autoconfigure.orm.jpa.JpaBaseConfiguration$JpaWebConfiguration:spring.jpa.open-in-view is enabled by default. Therefore, database queries may be performed during view rendering. Explicitly configure spring.jpa.open-in-view to disable this warning
""2025-03-28 22:18:10,686 INFO  [restartedMain] org.springframework.security.web.DefaultSecurityFilterChain:Will secure any request with [org.springframework.security.web.session.DisableEncodeUrlFilter@397c4613, org.springframework.security.web.context.request.async.WebAsyncManagerIntegrationFilter@3c5aeb6, org.springframework.security.web.context.SecurityContextHolderFilter@14a59132, org.springframework.security.web.header.HeaderWriterFilter@2bd0de26, org.springframework.web.filter.CorsFilter@341b0c28, org.springframework.security.web.authentication.logout.LogoutFilter@423a7328, com.Cinetime.security.JwtAuthFilter@61e25622, org.springframework.security.web.savedrequest.RequestCacheAwareFilter@31abd1be, org.springframework.security.web.servletapi.SecurityContextHolderAwareRequestFilter@5233ea84, org.springframework.security.web.authentication.AnonymousAuthenticationFilter@fffd3e6, org.springframework.security.web.session.SessionManagementFilter@1f1d7f44, org.springframework.security.web.access.ExceptionTranslationFilter@74492195, org.springframework.security.web.access.intercept.AuthorizationFilter@38604c76]
""2025-03-28 22:18:10,802 INFO  [restartedMain] org.springframework.boot.devtools.autoconfigure.OptionalLiveReloadServer:LiveReload server is running on port 35729
""2025-03-28 22:18:10,822 INFO  [restartedMain] org.springframework.boot.web.embedded.tomcat.TomcatWebServer:Tomcat started on port 8080 (http) with context path ''
""2025-03-28 22:18:10,829 INFO  [restartedMain] com.Cinetime.CineTimeApplication:Started CineTimeApplication in 2.577 seconds (process running for 2.802)
""2025-03-28 22:18:16,413 INFO  [http-nio-8080-exec-2] org.apache.catalina.core.ContainerBase.[Tomcat].[localhost].[/]:Initializing Spring DispatcherServlet 'dispatcherServlet'
""2025-03-28 22:18:16,422 DEBUG [http-nio-8080-exec-2] org.springframework.security.web.FilterChainProxy:Securing POST /api/forgot-password
""2025-03-28 22:18:16,426 DEBUG [http-nio-8080-exec-2] org.springframework.security.web.authentication.AnonymousAuthenticationFilter:Set SecurityContextHolder to anonymous SecurityContext
""2025-03-28 22:18:16,427 DEBUG [http-nio-8080-exec-2] org.springframework.security.web.FilterChainProxy:Secured POST /api/forgot-password
""2025-03-28 22:23:50,837 INFO  [SpringApplicationShutdownHook] org.springframework.orm.jpa.LocalContainerEntityManagerFactoryBean:Closing JPA EntityManagerFactory for persistence unit 'default'
""2025-03-28 22:23:50,843 INFO  [SpringApplicationShutdownHook] com.zaxxer.hikari.HikariDataSource:HikariPool-1 - Shutdown initiated...
""2025-03-28 22:23:50,845 INFO  [SpringApplicationShutdownHook] com.zaxxer.hikari.HikariDataSource:HikariPool-1 - Shutdown completed.
""2025-03-28 22:23:52,578 INFO  [restartedMain] com.Cinetime.CineTimeApplication:Starting CineTimeApplication using Java 22.0.1 with PID 72878 (/Users/dogu/IdeaProjects/cinetime-api-selfmade/target/classes started by dogu in /Users/dogu/IdeaProjects/cinetime-api-selfmade)
""2025-03-28 22:23:52,579 INFO  [restartedMain] com.Cinetime.CineTimeApplication:No active profile set, falling back to 1 default profile: "default"
""2025-03-28 22:23:52,601 INFO  [restartedMain] org.springframework.boot.devtools.env.DevToolsPropertyDefaultsPostProcessor:Devtools property defaults active! Set 'spring.devtools.add-properties' to 'false' to disable
""2025-03-28 22:23:52,601 INFO  [restartedMain] org.springframework.boot.devtools.env.DevToolsPropertyDefaultsPostProcessor:For additional web related logging consider setting the 'logging.level.web' property to 'DEBUG'
""2025-03-28 22:23:52,952 INFO  [restartedMain] org.springframework.data.repository.config.RepositoryConfigurationDelegate:Bootstrapping Spring Data JPA repositories in DEFAULT mode.
""2025-03-28 22:23:52,980 INFO  [restartedMain] org.springframework.data.repository.config.RepositoryConfigurationDelegate:Finished Spring Data repository scanning in 25 ms. Found 6 JPA repository interfaces.
""2025-03-28 22:23:53,246 INFO  [restartedMain] org.springframework.boot.web.embedded.tomcat.TomcatWebServer:Tomcat initialized with port 8080 (http)
""2025-03-28 22:23:53,251 INFO  [restartedMain] org.apache.catalina.core.StandardService:Starting service [Tomcat]
""2025-03-28 22:23:53,251 INFO  [restartedMain] org.apache.catalina.core.StandardEngine:Starting Servlet engine: [Apache Tomcat/10.1.20]
""2025-03-28 22:23:53,268 INFO  [restartedMain] org.apache.catalina.core.ContainerBase.[Tomcat].[localhost].[/]:Initializing Spring embedded WebApplicationContext
""2025-03-28 22:23:53,268 INFO  [restartedMain] org.springframework.boot.web.servlet.context.ServletWebServerApplicationContext:Root WebApplicationContext: initialization completed in 667 ms
""2025-03-28 22:23:53,284 INFO  [restartedMain] com.zaxxer.hikari.HikariDataSource:HikariPool-1 - Starting...
""2025-03-28 22:23:53,380 INFO  [restartedMain] com.zaxxer.hikari.pool.HikariPool:HikariPool-1 - Added connection org.postgresql.jdbc.PgConnection@45bc8cb2
""2025-03-28 22:23:53,381 INFO  [restartedMain] com.zaxxer.hikari.HikariDataSource:HikariPool-1 - Start completed.
""2025-03-28 22:23:53,386 INFO  [restartedMain] org.springframework.boot.autoconfigure.h2.H2ConsoleAutoConfiguration:H2 console available at '/h2-console'. Database available at 'jdbc:postgresql://localhost:5432/cinetime-api'
""2025-03-28 22:23:53,432 INFO  [restartedMain] org.hibernate.jpa.internal.util.LogHelper:HHH000204: Processing PersistenceUnitInfo [name: default]
""2025-03-28 22:23:53,451 INFO  [restartedMain] org.hibernate.Version:HHH000412: Hibernate ORM core version 6.4.4.Final
""2025-03-28 22:23:53,465 INFO  [restartedMain] org.hibernate.cache.internal.RegionFactoryInitiator:HHH000026: Second-level cache disabled
""2025-03-28 22:23:53,517 WARN  [restartedMain] org.hibernate.orm.deprecation:HHH90000025: PostgreSQLDialect does not need to be specified explicitly using 'hibernate.dialect' (remove the property setting and it will be selected by default)
""2025-03-28 22:23:53,591 INFO  [restartedMain] org.springframework.orm.jpa.persistenceunit.SpringPersistenceUnitInfo:No LoadTimeWeaver setup: ignoring JPA class transformer
""2025-03-28 22:23:54,082 INFO  [restartedMain] org.hibernate.engine.transaction.jta.platform.internal.JtaPlatformInitiator:HHH000489: No JTA platform available (set 'hibernate.transaction.jta.platform' to enable JTA platform integration)
""2025-03-28 22:23:54,244 INFO  [restartedMain] org.springframework.orm.jpa.LocalContainerEntityManagerFactoryBean:Initialized JPA EntityManagerFactory for persistence unit 'default'
""2025-03-28 22:23:54,568 WARN  [restartedMain] org.springframework.boot.autoconfigure.orm.jpa.JpaBaseConfiguration$JpaWebConfiguration:spring.jpa.open-in-view is enabled by default. Therefore, database queries may be performed during view rendering. Explicitly configure spring.jpa.open-in-view to disable this warning
""2025-03-28 22:23:54,704 INFO  [restartedMain] org.springframework.security.web.DefaultSecurityFilterChain:Will secure any request with [org.springframework.security.web.session.DisableEncodeUrlFilter@1a74d49c, org.springframework.security.web.context.request.async.WebAsyncManagerIntegrationFilter@154195c9, org.springframework.security.web.context.SecurityContextHolderFilter@6968a454, org.springframework.security.web.header.HeaderWriterFilter@5df783d8, org.springframework.web.filter.CorsFilter@4462a870, org.springframework.security.web.authentication.logout.LogoutFilter@e9c3f68, com.Cinetime.security.JwtAuthFilter@6d60b707, org.springframework.security.web.savedrequest.RequestCacheAwareFilter@4fc43409, org.springframework.security.web.servletapi.SecurityContextHolderAwareRequestFilter@4f138feb, org.springframework.security.web.authentication.AnonymousAuthenticationFilter@14dea997, org.springframework.security.web.session.SessionManagementFilter@16235fb3, org.springframework.security.web.access.ExceptionTranslationFilter@614c3a8f, org.springframework.security.web.access.intercept.AuthorizationFilter@44396063]
""2025-03-28 22:23:54,826 INFO  [restartedMain] org.springframework.boot.devtools.autoconfigure.OptionalLiveReloadServer:LiveReload server is running on port 35729
""2025-03-28 22:23:54,841 INFO  [restartedMain] org.springframework.boot.web.embedded.tomcat.TomcatWebServer:Tomcat started on port 8080 (http) with context path ''
""2025-03-28 22:23:54,848 INFO  [restartedMain] com.Cinetime.CineTimeApplication:Started CineTimeApplication in 2.49 seconds (process running for 2.713)
""2025-03-28 22:23:57,420 INFO  [http-nio-8080-exec-1] org.apache.catalina.core.ContainerBase.[Tomcat].[localhost].[/]:Initializing Spring DispatcherServlet 'dispatcherServlet'
""2025-03-28 22:23:57,429 DEBUG [http-nio-8080-exec-1] org.springframework.security.web.FilterChainProxy:Securing POST /api/forgot-password
""2025-03-28 22:23:57,433 DEBUG [http-nio-8080-exec-1] org.springframework.security.web.authentication.AnonymousAuthenticationFilter:Set SecurityContextHolder to anonymous SecurityContext
""2025-03-28 22:23:57,435 DEBUG [http-nio-8080-exec-1] org.springframework.security.web.FilterChainProxy:Secured POST /api/forgot-password
""2025-03-28 22:23:57,518 INFO  [http-nio-8080-exec-1] com.Cinetime.service.EmailService:Attempting to send email to: kaliferno@gmail.com
""2025-03-28 22:23:58,346 ERROR [http-nio-8080-exec-1] com.Cinetime.service.EmailService:Mail authentication failed: Authentication failed
""2025-03-28 22:25:02,479 INFO  [SpringApplicationShutdownHook] org.springframework.orm.jpa.LocalContainerEntityManagerFactoryBean:Closing JPA EntityManagerFactory for persistence unit 'default'
""2025-03-28 22:25:02,482 INFO  [SpringApplicationShutdownHook] com.zaxxer.hikari.HikariDataSource:HikariPool-1 - Shutdown initiated...
""2025-03-28 22:25:02,484 INFO  [SpringApplicationShutdownHook] com.zaxxer.hikari.HikariDataSource:HikariPool-1 - Shutdown completed.
""2025-03-28 22:25:04,339 INFO  [restartedMain] com.Cinetime.CineTimeApplication:Starting CineTimeApplication using Java 22.0.1 with PID 72935 (/Users/dogu/IdeaProjects/cinetime-api-selfmade/target/classes started by dogu in /Users/dogu/IdeaProjects/cinetime-api-selfmade)
""2025-03-28 22:25:04,341 INFO  [restartedMain] com.Cinetime.CineTimeApplication:No active profile set, falling back to 1 default profile: "default"
""2025-03-28 22:25:04,362 INFO  [restartedMain] org.springframework.boot.devtools.env.DevToolsPropertyDefaultsPostProcessor:Devtools property defaults active! Set 'spring.devtools.add-properties' to 'false' to disable
""2025-03-28 22:25:04,362 INFO  [restartedMain] org.springframework.boot.devtools.env.DevToolsPropertyDefaultsPostProcessor:For additional web related logging consider setting the 'logging.level.web' property to 'DEBUG'
""2025-03-28 22:25:04,706 INFO  [restartedMain] org.springframework.data.repository.config.RepositoryConfigurationDelegate:Bootstrapping Spring Data JPA repositories in DEFAULT mode.
""2025-03-28 22:25:04,736 INFO  [restartedMain] org.springframework.data.repository.config.RepositoryConfigurationDelegate:Finished Spring Data repository scanning in 26 ms. Found 6 JPA repository interfaces.
""2025-03-28 22:25:05,001 INFO  [restartedMain] org.springframework.boot.web.embedded.tomcat.TomcatWebServer:Tomcat initialized with port 8080 (http)
""2025-03-28 22:25:05,007 INFO  [restartedMain] org.apache.catalina.core.StandardService:Starting service [Tomcat]
""2025-03-28 22:25:05,007 INFO  [restartedMain] org.apache.catalina.core.StandardEngine:Starting Servlet engine: [Apache Tomcat/10.1.20]
""2025-03-28 22:25:05,026 INFO  [restartedMain] org.apache.catalina.core.ContainerBase.[Tomcat].[localhost].[/]:Initializing Spring embedded WebApplicationContext
""2025-03-28 22:25:05,027 INFO  [restartedMain] org.springframework.boot.web.servlet.context.ServletWebServerApplicationContext:Root WebApplicationContext: initialization completed in 664 ms
""2025-03-28 22:25:05,047 INFO  [restartedMain] com.zaxxer.hikari.HikariDataSource:HikariPool-1 - Starting...
""2025-03-28 22:25:05,140 INFO  [restartedMain] com.zaxxer.hikari.pool.HikariPool:HikariPool-1 - Added connection org.postgresql.jdbc.PgConnection@169f70a8
""2025-03-28 22:25:05,141 INFO  [restartedMain] com.zaxxer.hikari.HikariDataSource:HikariPool-1 - Start completed.
""2025-03-28 22:25:05,146 INFO  [restartedMain] org.springframework.boot.autoconfigure.h2.H2ConsoleAutoConfiguration:H2 console available at '/h2-console'. Database available at 'jdbc:postgresql://localhost:5432/cinetime-api'
""2025-03-28 22:25:05,194 INFO  [restartedMain] org.hibernate.jpa.internal.util.LogHelper:HHH000204: Processing PersistenceUnitInfo [name: default]
""2025-03-28 22:25:05,216 INFO  [restartedMain] org.hibernate.Version:HHH000412: Hibernate ORM core version 6.4.4.Final
""2025-03-28 22:25:05,229 INFO  [restartedMain] org.hibernate.cache.internal.RegionFactoryInitiator:HHH000026: Second-level cache disabled
""2025-03-28 22:25:05,280 WARN  [restartedMain] org.hibernate.orm.deprecation:HHH90000025: PostgreSQLDialect does not need to be specified explicitly using 'hibernate.dialect' (remove the property setting and it will be selected by default)
""2025-03-28 22:25:05,353 INFO  [restartedMain] org.springframework.orm.jpa.persistenceunit.SpringPersistenceUnitInfo:No LoadTimeWeaver setup: ignoring JPA class transformer
""2025-03-28 22:25:05,852 INFO  [restartedMain] org.hibernate.engine.transaction.jta.platform.internal.JtaPlatformInitiator:HHH000489: No JTA platform available (set 'hibernate.transaction.jta.platform' to enable JTA platform integration)
""2025-03-28 22:25:06,010 INFO  [restartedMain] org.springframework.orm.jpa.LocalContainerEntityManagerFactoryBean:Initialized JPA EntityManagerFactory for persistence unit 'default'
""2025-03-28 22:25:06,353 WARN  [restartedMain] org.springframework.boot.autoconfigure.orm.jpa.JpaBaseConfiguration$JpaWebConfiguration:spring.jpa.open-in-view is enabled by default. Therefore, database queries may be performed during view rendering. Explicitly configure spring.jpa.open-in-view to disable this warning
""2025-03-28 22:25:06,513 INFO  [restartedMain] org.springframework.security.web.DefaultSecurityFilterChain:Will secure any request with [org.springframework.security.web.session.DisableEncodeUrlFilter@efce3d4, org.springframework.security.web.context.request.async.WebAsyncManagerIntegrationFilter@1858de27, org.springframework.security.web.context.SecurityContextHolderFilter@2d11c43e, org.springframework.security.web.header.HeaderWriterFilter@44c61ed0, org.springframework.web.filter.CorsFilter@e9c3f68, org.springframework.security.web.authentication.logout.LogoutFilter@1983be09, com.Cinetime.security.JwtAuthFilter@c69eb5b, org.springframework.security.web.savedrequest.RequestCacheAwareFilter@3db3ad24, org.springframework.security.web.servletapi.SecurityContextHolderAwareRequestFilter@5cbb1009, org.springframework.security.web.authentication.AnonymousAuthenticationFilter@362027de, org.springframework.security.web.session.SessionManagementFilter@614c3a8f, org.springframework.security.web.access.ExceptionTranslationFilter@7bd112a0, org.springframework.security.web.access.intercept.AuthorizationFilter@a438e32]
""2025-03-28 22:25:06,643 INFO  [restartedMain] org.springframework.boot.devtools.autoconfigure.OptionalLiveReloadServer:LiveReload server is running on port 35729
""2025-03-28 22:25:06,661 INFO  [restartedMain] org.springframework.boot.web.embedded.tomcat.TomcatWebServer:Tomcat started on port 8080 (http) with context path ''
""2025-03-28 22:25:06,667 INFO  [restartedMain] com.Cinetime.CineTimeApplication:Started CineTimeApplication in 2.545 seconds (process running for 2.762)
""2025-03-28 22:25:08,422 INFO  [http-nio-8080-exec-2] org.apache.catalina.core.ContainerBase.[Tomcat].[localhost].[/]:Initializing Spring DispatcherServlet 'dispatcherServlet'
""2025-03-28 22:25:08,437 DEBUG [http-nio-8080-exec-2] org.springframework.security.web.FilterChainProxy:Securing POST /api/forgot-password
""2025-03-28 22:25:08,441 DEBUG [http-nio-8080-exec-2] org.springframework.security.web.authentication.AnonymousAuthenticationFilter:Set SecurityContextHolder to anonymous SecurityContext
""2025-03-28 22:25:08,442 DEBUG [http-nio-8080-exec-2] org.springframework.security.web.FilterChainProxy:Secured POST /api/forgot-password
""2025-03-28 22:25:08,541 INFO  [http-nio-8080-exec-2] com.Cinetime.service.EmailService:Attempting to send email to: kaliferno@gmail.com
""2025-03-28 22:25:10,425 ERROR [http-nio-8080-exec-2] com.Cinetime.service.EmailService:Mail authentication failed: Authentication failed
""2025-03-28 22:32:32,566 INFO  [SpringApplicationShutdownHook] org.springframework.orm.jpa.LocalContainerEntityManagerFactoryBean:Closing JPA EntityManagerFactory for persistence unit 'default'
""2025-03-28 22:32:32,569 INFO  [SpringApplicationShutdownHook] com.zaxxer.hikari.HikariDataSource:HikariPool-1 - Shutdown initiated...
""2025-03-28 22:32:32,570 INFO  [SpringApplicationShutdownHook] com.zaxxer.hikari.HikariDataSource:HikariPool-1 - Shutdown completed.
""2025-03-28 22:32:34,211 INFO  [restartedMain] com.Cinetime.CineTimeApplication:Starting CineTimeApplication using Java 22.0.1 with PID 73183 (/Users/dogu/IdeaProjects/cinetime-api-selfmade/target/classes started by dogu in /Users/dogu/IdeaProjects/cinetime-api-selfmade)
""2025-03-28 22:32:34,212 INFO  [restartedMain] com.Cinetime.CineTimeApplication:No active profile set, falling back to 1 default profile: "default"
""2025-03-28 22:32:34,236 INFO  [restartedMain] org.springframework.boot.devtools.env.DevToolsPropertyDefaultsPostProcessor:Devtools property defaults active! Set 'spring.devtools.add-properties' to 'false' to disable
""2025-03-28 22:32:34,236 INFO  [restartedMain] org.springframework.boot.devtools.env.DevToolsPropertyDefaultsPostProcessor:For additional web related logging consider setting the 'logging.level.web' property to 'DEBUG'
""2025-03-28 22:32:34,628 INFO  [restartedMain] org.springframework.data.repository.config.RepositoryConfigurationDelegate:Bootstrapping Spring Data JPA repositories in DEFAULT mode.
""2025-03-28 22:32:34,659 INFO  [restartedMain] org.springframework.data.repository.config.RepositoryConfigurationDelegate:Finished Spring Data repository scanning in 27 ms. Found 6 JPA repository interfaces.
""2025-03-28 22:32:34,946 INFO  [restartedMain] org.springframework.boot.web.embedded.tomcat.TomcatWebServer:Tomcat initialized with port 8080 (http)
""2025-03-28 22:32:34,952 INFO  [restartedMain] org.apache.catalina.core.StandardService:Starting service [Tomcat]
""2025-03-28 22:32:34,952 INFO  [restartedMain] org.apache.catalina.core.StandardEngine:Starting Servlet engine: [Apache Tomcat/10.1.20]
""2025-03-28 22:32:34,971 INFO  [restartedMain] org.apache.catalina.core.ContainerBase.[Tomcat].[localhost].[/]:Initializing Spring embedded WebApplicationContext
""2025-03-28 22:32:34,971 INFO  [restartedMain] org.springframework.boot.web.servlet.context.ServletWebServerApplicationContext:Root WebApplicationContext: initialization completed in 735 ms
""2025-03-28 22:32:34,990 INFO  [restartedMain] com.zaxxer.hikari.HikariDataSource:HikariPool-1 - Starting...
""2025-03-28 22:32:35,096 INFO  [restartedMain] com.zaxxer.hikari.pool.HikariPool:HikariPool-1 - Added connection org.postgresql.jdbc.PgConnection@4ab130e5
""2025-03-28 22:32:35,096 INFO  [restartedMain] com.zaxxer.hikari.HikariDataSource:HikariPool-1 - Start completed.
""2025-03-28 22:32:35,101 INFO  [restartedMain] org.springframework.boot.autoconfigure.h2.H2ConsoleAutoConfiguration:H2 console available at '/h2-console'. Database available at 'jdbc:postgresql://localhost:5432/cinetime-api'
""2025-03-28 22:32:35,148 INFO  [restartedMain] org.hibernate.jpa.internal.util.LogHelper:HHH000204: Processing PersistenceUnitInfo [name: default]
""2025-03-28 22:32:35,178 INFO  [restartedMain] org.hibernate.Version:HHH000412: Hibernate ORM core version 6.4.4.Final
""2025-03-28 22:32:35,194 INFO  [restartedMain] org.hibernate.cache.internal.RegionFactoryInitiator:HHH000026: Second-level cache disabled
""2025-03-28 22:32:35,253 WARN  [restartedMain] org.hibernate.orm.deprecation:HHH90000025: PostgreSQLDialect does not need to be specified explicitly using 'hibernate.dialect' (remove the property setting and it will be selected by default)
""2025-03-28 22:32:35,330 INFO  [restartedMain] org.springframework.orm.jpa.persistenceunit.SpringPersistenceUnitInfo:No LoadTimeWeaver setup: ignoring JPA class transformer
""2025-03-28 22:32:35,864 INFO  [restartedMain] org.hibernate.engine.transaction.jta.platform.internal.JtaPlatformInitiator:HHH000489: No JTA platform available (set 'hibernate.transaction.jta.platform' to enable JTA platform integration)
""2025-03-28 22:32:36,023 INFO  [restartedMain] org.springframework.orm.jpa.LocalContainerEntityManagerFactoryBean:Initialized JPA EntityManagerFactory for persistence unit 'default'
""2025-03-28 22:32:36,397 WARN  [restartedMain] org.springframework.boot.autoconfigure.orm.jpa.JpaBaseConfiguration$JpaWebConfiguration:spring.jpa.open-in-view is enabled by default. Therefore, database queries may be performed during view rendering. Explicitly configure spring.jpa.open-in-view to disable this warning
""2025-03-28 22:32:36,538 INFO  [restartedMain] org.springframework.security.web.DefaultSecurityFilterChain:Will secure any request with [org.springframework.security.web.session.DisableEncodeUrlFilter@55adce5b, org.springframework.security.web.context.request.async.WebAsyncManagerIntegrationFilter@397c4613, org.springframework.security.web.context.SecurityContextHolderFilter@2f899e59, org.springframework.security.web.header.HeaderWriterFilter@7ab9df53, org.springframework.web.filter.CorsFilter@3c5aeb6, org.springframework.security.web.authentication.logout.LogoutFilter@6a19514f, com.Cinetime.security.JwtAuthFilter@42f6e04b, org.springframework.security.web.savedrequest.RequestCacheAwareFilter@60b62bbd, org.springframework.security.web.servletapi.SecurityContextHolderAwareRequestFilter@31abd1be, org.springframework.security.web.authentication.AnonymousAuthenticationFilter@341b0c28, org.springframework.security.web.session.SessionManagementFilter@423f3517, org.springframework.security.web.access.ExceptionTranslationFilter@63064034, org.springframework.security.web.access.intercept.AuthorizationFilter@5147af42]
""2025-03-28 22:32:36,661 INFO  [restartedMain] org.springframework.boot.devtools.autoconfigure.OptionalLiveReloadServer:LiveReload server is running on port 35729
""2025-03-28 22:32:36,676 INFO  [restartedMain] org.springframework.boot.web.embedded.tomcat.TomcatWebServer:Tomcat started on port 8080 (http) with context path ''
""2025-03-28 22:32:36,682 INFO  [restartedMain] com.Cinetime.CineTimeApplication:Started CineTimeApplication in 2.742 seconds (process running for 3.047)
""2025-03-28 22:32:42,024 INFO  [http-nio-8080-exec-1] org.apache.catalina.core.ContainerBase.[Tomcat].[localhost].[/]:Initializing Spring DispatcherServlet 'dispatcherServlet'
""2025-03-28 22:32:42,034 DEBUG [http-nio-8080-exec-1] org.springframework.security.web.FilterChainProxy:Securing POST /api/forgot-password
""2025-03-28 22:32:42,039 DEBUG [http-nio-8080-exec-1] org.springframework.security.web.authentication.AnonymousAuthenticationFilter:Set SecurityContextHolder to anonymous SecurityContext
""2025-03-28 22:32:42,040 DEBUG [http-nio-8080-exec-1] org.springframework.security.web.FilterChainProxy:Secured POST /api/forgot-password
""2025-03-28 22:32:42,135 INFO  [http-nio-8080-exec-1] com.Cinetime.service.EmailService:Attempting to send email to: kaliferno@gmail.com
""2025-03-28 22:32:43,969 INFO  [http-nio-8080-exec-1] com.Cinetime.service.EmailService:Email sent successfully to: kaliferno@gmail.com
""2025-03-28 22:34:59,274 INFO  [SpringApplicationShutdownHook] org.springframework.orm.jpa.LocalContainerEntityManagerFactoryBean:Closing JPA EntityManagerFactory for persistence unit 'default'
""2025-03-28 22:34:59,279 INFO  [SpringApplicationShutdownHook] com.zaxxer.hikari.HikariDataSource:HikariPool-1 - Shutdown initiated...
""2025-03-28 22:34:59,281 INFO  [SpringApplicationShutdownHook] com.zaxxer.hikari.HikariDataSource:HikariPool-1 - Shutdown completed.
"